Traceback (most recent call last):
  File "/usr/local/lib/python3.7/dist-packages/jupyter_cache/executors/utils.py", line 56, in single_nb_execution
    record_timing=False,
  File "/usr/local/lib/python3.7/dist-packages/nbclient/client.py", line 1204, in execute
    return NotebookClient(nb=nb, resources=resources, km=km, **kwargs).execute()
  File "/usr/local/lib/python3.7/dist-packages/nbclient/util.py", line 84, in wrapped
    return just_run(coro(*args, **kwargs))
  File "/usr/local/lib/python3.7/dist-packages/nbclient/util.py", line 62, in just_run
    return loop.run_until_complete(coro)
  File "/usr/lib/python3.7/asyncio/base_events.py", line 587, in run_until_complete
    return future.result()
  File "/usr/local/lib/python3.7/dist-packages/nbclient/client.py", line 664, in async_execute
    cell, index, execution_count=self.code_cells_executed + 1
  File "/usr/local/lib/python3.7/dist-packages/nbclient/client.py", line 965, in async_execute_cell
    await self._check_raise_for_error(cell, cell_index, exec_reply)
  File "/usr/local/lib/python3.7/dist-packages/nbclient/client.py", line 862, in _check_raise_for_error
    raise CellExecutionError.from_cell_and_msg(cell, exec_reply_content)
nbclient.exceptions.CellExecutionError: An error occurred while executing the following cell:
------------------
#split 4.5
sp = split(4.5, eg, labels, 'sepal_length', 'S-sepal_length')
result1 = info(sp, eg)
gain(result, result1 )
------------------

[0;31m[0m
[0;31mNameError[0mTraceback (most recent call last)
[0;32m<ipython-input-16-8b8c5e6e1e50>[0m in [0;36m<module>[0;34m[0m
[1;32m      1[0m [0;31m#split 4.5[0m[0;34m[0m[0;34m[0m[0;34m[0m[0m
[1;32m      2[0m [0msp[0m [0;34m=[0m [0msplit[0m[0;34m([0m[0;36m4.5[0m[0;34m,[0m [0meg[0m[0;34m,[0m [0mlabels[0m[0;34m,[0m [0;34m'sepal_length'[0m[0;34m,[0m [0;34m'S-sepal_length'[0m[0;34m)[0m[0;34m[0m[0;34m[0m[0m
[0;32m----> 3[0;31m [0mresult1[0m [0;34m=[0m [0minfo[0m[0;34m([0m[0msp[0m[0;34m,[0m [0meg[0m[0;34m)[0m[0;34m[0m[0;34m[0m[0m
[0m[1;32m      4[0m [0mgain[0m[0;34m([0m[0mresult[0m[0;34m,[0m [0mresult1[0m [0;34m)[0m[0;34m[0m[0;34m[0m[0m

[0;32m<ipython-input-13-0c323d939613>[0m in [0;36minfo[0;34m(d, eg)[0m
[1;32m      1[0m [0;32mdef[0m [0minfo[0m[0;34m([0m[0md[0m[0;34m,[0m [0meg[0m[0;34m)[0m[0;34m:[0m[0;34m[0m[0;34m[0m[0m
[0;32m----> 2[0;31m   [0;32mreturn[0m [0msum[0m[0;34m([0m[0;34m[[0m[0;34m([0m[0msum[0m[0;34m([0m[0mi[0m[0;34m)[0m [0;34m/[0m [0msample[0m[0;34m.[0m[0mshape[0m[0;34m[[0m[0;36m0[0m[0;34m][0m[0;34m)[0m [0;34m*[0m [0mentropy[0m[0;34m([0m[0mi[0m[0;34m)[0m [0;32mfor[0m [0mi[0m [0;32min[0m [0md[0m[0;34m][0m[0;34m)[0m[0;34m[0m[0;34m[0m[0m
[0m
[0;32m<ipython-input-13-0c323d939613>[0m in [0;36m<listcomp>[0;34m(.0)[0m
[1;32m      1[0m [0;32mdef[0m [0minfo[0m[0;34m([0m[0md[0m[0;34m,[0m [0meg[0m[0;34m)[0m[0;34m:[0m[0;34m[0m[0;34m[0m[0m
[0;32m----> 2[0;31m   [0;32mreturn[0m [0msum[0m[0;34m([0m[0;34m[[0m[0;34m([0m[0msum[0m[0;34m([0m[0mi[0m[0;34m)[0m [0;34m/[0m [0msample[0m[0;34m.[0m[0mshape[0m[0;34m[[0m[0;36m0[0m[0;34m][0m[0;34m)[0m [0;34m*[0m [0mentropy[0m[0;34m([0m[0mi[0m[0;34m)[0m [0;32mfor[0m [0mi[0m [0;32min[0m [0md[0m[0;34m][0m[0;34m)[0m[0;34m[0m[0;34m[0m[0m
[0m
[0;31mNameError[0m: name 'sample' is not defined
NameError: name 'sample' is not defined

